<?xml version="1.0" encoding="UTF-8" ?>
<testsuite tests="6" failures="0" name="net.testfire.demo.LoginTest" time="6.108" errors="1" skipped="0">
  <properties>
[...]
</properties>
  <testcase classname="Login to Altoro Mutual" name=" #1" time="2.76"/>
  <testcase classname="Login to Altoro Mutual" name=" #2" time="0.918"/>
  <testcase classname="Login to Altoro Mutual" name=" #3" time="0.713"/>
  <testcase classname="Login to Altoro Mutual" name=" #4" time="0.547">
    <error message="TODO: implement me" type="io.cucumber.java.PendingException">io.cucumber.java.PendingException: TODO: implement me
	at net.testfire.demo.LoginScenario.i_have_found_article(LoginScenario.java:162)
	at ✽.I have found article(classpath:login.feature:31)
</error>
  </testcase>
  <testcase classname="Login to Altoro Mutual" name=" #5" time="0.388"/>
  <testcase classname="Login to Altoro Mutual" name=" #6" time="0.782"/>
</testsuite>