<?xml version="1.0" encoding="UTF-8" ?>
<testsuite tests="18" failures="0" name="net.testfire.demo.LoginTest" time="15.368" errors="1" skipped="0">
  <properties>
[...]
</properties>
  <testcase classname="Login to Altoro Mutual" name=" #1" time="4.794"/>
  <testcase classname="Login to Altoro Mutual" name=" #2" time="0.965"/>
  <testcase classname="Login to Altoro Mutual" name=" #3" time="0.649"/>
  <testcase classname="Login to Altoro Mutual" name=" #4" time="0.959"/>
  <testcase classname="Login to Altoro Mutual" name=" #5" time="0.703"/>
  <testcase classname="Login to Altoro Mutual" name=" #6" time="0.803"/>
  <testcase classname="Login to Altoro Mutual" name=" #7" time="0.75"/>
  <testcase classname="Login to Altoro Mutual" name=" #8" time="0.691"/>
  <testcase classname="Login to Altoro Mutual" name=" #9" time="0.681"/>
  <testcase classname="Login to Altoro Mutual" name=" #10" time="0.113">
    <error message="The step &apos;I am on the Recent Transaction Page&apos; and 2 other step(s) are undefined.
You can implement these steps using the snippet(s) below:

@Given(&quot;I am on the Recent Transaction Page&quot;)
public void i_am_on_the_recent_transaction_page() {
    // Write code here that turns the phrase above into concrete actions
    throw new io.cucumber.java.PendingException();
}
@When(&quot;I click on the cell of table with the amount&quot;)
public void i_click_on_the_cell_of_table_with_the_amount() {
    // Write code here that turns the phrase above into concrete actions
    throw new io.cucumber.java.PendingException();
}
@Then(&quot;I have the correct transfer amount&quot;)
public void i_have_the_correct_transfer_amount() {
    // Write code here that turns the phrase above into concrete actions
    throw new io.cucumber.java.PendingException();
}
" type="io.cucumber.junit.UndefinedStepException">io.cucumber.junit.UndefinedStepException: The step &apos;I am on the Recent Transaction Page&apos; and 2 other step(s) are undefined.
You can implement these steps using the snippet(s) below:

@Given(&quot;I am on the Recent Transaction Page&quot;)
public void i_am_on_the_recent_transaction_page() {
    // Write code here that turns the phrase above into concrete actions
    throw new io.cucumber.java.PendingException();
}
@When(&quot;I click on the cell of table with the amount&quot;)
public void i_click_on_the_cell_of_table_with_the_amount() {
    // Write code here that turns the phrase above into concrete actions
    throw new io.cucumber.java.PendingException();
}
@Then(&quot;I have the correct transfer amount&quot;)
public void i_have_the_correct_transfer_amount() {
    // Write code here that turns the phrase above into concrete actions
    throw new io.cucumber.java.PendingException();
}

</error>
  </testcase>
  <testcase classname="Login to Altoro Mutual" name=" #11" time="0.633"/>
  <testcase classname="Login to Altoro Mutual" name=" #12" time="0.733"/>
  <testcase classname="Login to Altoro Mutual" name=" #13" time="0.669"/>
  <testcase classname="Login to Altoro Mutual" name=" #14" time="0.494"/>
  <testcase classname="Login to Altoro Mutual" name=" #15" time="0.158"/>
  <testcase classname="Login to Altoro Mutual" name=" #16" time="0.166"/>
  <testcase classname="Login to Altoro Mutual" name=" #17" time="0.48"/>
  <testcase classname="Login to Altoro Mutual" name=" #18" time="0.927"/>
</testsuite>