<?xml version="1.0" encoding="UTF-8" ?>
<testsuite tests="18" failures="0" name="net.testfire.demo.LoginTest" time="15.368" errors="1" skipped="0">
  <properties>
    <property name="java.runtime.name" value="OpenJDK Runtime Environment"/>
    <property name="java.vm.version" value="16.0.1+9-24"/>
    <property name="sun.boot.library.path" value="C:\Users\julia\OneDrive\Skillstorm\sts-4.11.0.RELEASE\plugins\org.eclipse.justj.openjdk.hotspot.jre.full.win32.x86_64_16.0.1.v20210528-1205\jre\bin"/>
    <property name="maven.multiModuleProjectDirectory" value="C:\Users\julia\Documents\workspace-spring-tool-suite-4-4.11.0.RELEASE\altoro-mutual-cucumber"/>
    <property name="java.vm.vendor" value="Oracle Corporation"/>
    <property name="java.vendor.url" value="https://java.oracle.com/"/>
    <property name="guice.disable.misplaced.annotation.check" value="true"/>
    <property name="path.separator" value=";"/>
    <property name="java.vm.name" value="OpenJDK 64-Bit Server VM"/>
    <property name="sun.os.patch.level" value=""/>
    <property name="user.script" value=""/>
    <property name="user.country" value="US"/>
    <property name="sun.java.launcher" value="SUN_STANDARD"/>
    <property name="java.vm.specification.name" value="Java Virtual Machine Specification"/>
    <property name="user.dir" value="C:\Users\julia\Documents\workspace-spring-tool-suite-4-4.11.0.RELEASE\altoro-mutual-cucumber"/>
    <property name="java.vm.compressedOopsMode" value="32-bit"/>
    <property name="java.runtime.version" value="16.0.1+9-24"/>
    <property name="os.arch" value="amd64"/>
    <property name="java.io.tmpdir" value="C:\Users\julia\AppData\Local\Temp\"/>
    <property name="line.separator" value="
"/>
    <property name="java.vm.specification.vendor" value="Oracle Corporation"/>
    <property name="user.variant" value=""/>
    <property name="os.name" value="Windows 10"/>
    <property name="classworlds.conf" value="C:\Users\julia\Documents\workspace-spring-tool-suite-4-4.11.0.RELEASE\.metadata\.plugins\org.eclipse.m2e.launching\launches\m2conf7524695541202200184.tmp"/>
    <property name="jansi.force" value="true"/>
    <property name="sun.jnu.encoding" value="Cp1252"/>
    <property name="java.library.path" value="C:\Users\julia\OneDrive\Skillstorm\sts-4.11.0.RELEASE\plugins\org.eclipse.justj.openjdk.hotspot.jre.full.win32.x86_64_16.0.1.v20210528-1205\jre\bin;C:\WINDOWS\Sun\Java\bin;C:\WINDOWS\system32;C:\WINDOWS;C:/Users/julia/OneDrive/Skillstorm/sts-4.11.0.RELEASE//plugins/org.eclipse.justj.openjdk.hotspot.jre.full.win32.x86_64_16.0.1.v20210528-1205/jre/bin/server;C:/Users/julia/OneDrive/Skillstorm/sts-4.11.0.RELEASE//plugins/org.eclipse.justj.openjdk.hotspot.jre.full.win32.x86_64_16.0.1.v20210528-1205/jre/bin;C:\Program Files\Java\jdk1.8.0_281\bin;C:\WINDOWS\system32;C:\WINDOWS;C:\WINDOWS\System32\Wbem;C:\WINDOWS\System32\WindowsPowerShell\v1.0\;C:\WINDOWS\System32\OpenSSH\;C:\Program Files\Git\cmd;C:\Program Files\dotnet\;C:\Program Files\nodejs\;C:\Users\julia\AppData\Local\Programs\Python\Python38\;C:\Users\julia\AppData\Local\Microsoft\WindowsApps;C:\Users\julia\Documents\sqlite-tools-win32-x86-3330000\sqlite-tools-win32-x86-3330000;C:\Program Files\Java\jdk-13.0.2\bin;C:\Users\julia\AppData\Local\Programs\Microsoft VS Code\bin;C:\Program Files\Maven\apache-maven-3.8.1\bin;C:\Users\julia\.dotnet\tools;C:\Users\julia\AppData\Roaming\npm;C:\Users\julia\OneDrive\Skillstorm\sts-4.11.0.RELEASE;;."/>
    <property name="jansi.passthrough" value="true"/>
    <property name="jdk.debug" value="release"/>
    <property name="java.class.version" value="60.0"/>
    <property name="java.specification.name" value="Java Platform API Specification"/>
    <property name="sun.management.compiler" value="HotSpot 64-Bit Tiered Compilers"/>
    <property name="os.version" value="10.0"/>
    <property name="user.home" value="C:\Users\julia"/>
    <property name="user.timezone" value="America/New_York"/>
    <property name="file.encoding" value="Cp1252"/>
    <property name="java.specification.version" value="16"/>
    <property name="user.name" value="julia"/>
    <property name="java.class.path" value="C:\Program Files\Maven\apache-maven-3.8.1\boot\plexus-classworlds-2.6.0.jar"/>
    <property name="java.vm.specification.version" value="16"/>
    <property name="sun.arch.data.model" value="64"/>
    <property name="sun.java.command" value="org.codehaus.plexus.classworlds.launcher.Launcher -B test -Dstyle.color=always"/>
    <property name="java.home" value="C:\Users\julia\OneDrive\Skillstorm\sts-4.11.0.RELEASE\plugins\org.eclipse.justj.openjdk.hotspot.jre.full.win32.x86_64_16.0.1.v20210528-1205\jre"/>
    <property name="user.language" value="en"/>
    <property name="java.specification.vendor" value="Oracle Corporation"/>
    <property name="java.vm.info" value="mixed mode"/>
    <property name="java.version" value="16.0.1"/>
    <property name="java.vendor" value="Oracle Corporation"/>
    <property name="maven.home" value="C:\Program Files\Maven\apache-maven-3.8.1"/>
    <property name="style.color" value="always"/>
    <property name="file.separator" value="\"/>
    <property name="java.version.date" value="2021-04-20"/>
    <property name="java.vendor.url.bug" value="https://bugreport.java.com/bugreport/"/>
    <property name="sun.io.unicode.encoding" value="UnicodeLittle"/>
    <property name="sun.cpu.endian" value="little"/>
    <property name="sun.cpu.isalist" value="amd64"/>
  </properties>
  <testcase classname="Login to Altoro Mutual" name=" #1" time="4.794"/>
  <testcase classname="Login to Altoro Mutual" name=" #2" time="0.965"/>
  <testcase classname="Login to Altoro Mutual" name=" #3" time="0.649"/>
  <testcase classname="Login to Altoro Mutual" name=" #4" time="0.959"/>
  <testcase classname="Login to Altoro Mutual" name=" #5" time="0.703"/>
  <testcase classname="Login to Altoro Mutual" name=" #6" time="0.803"/>
  <testcase classname="Login to Altoro Mutual" name=" #7" time="0.75"/>
  <testcase classname="Login to Altoro Mutual" name=" #8" time="0.691"/>
  <testcase classname="Login to Altoro Mutual" name=" #9" time="0.681"/>
  <testcase classname="Login to Altoro Mutual" name=" #10" time="0.113">
    <error message="The step &apos;I am on the Recent Transaction Page&apos; and 2 other step(s) are undefined.
You can implement these steps using the snippet(s) below:

@Given(&quot;I am on the Recent Transaction Page&quot;)
public void i_am_on_the_recent_transaction_page() {
    // Write code here that turns the phrase above into concrete actions
    throw new io.cucumber.java.PendingException();
}
@When(&quot;I click on the cell of table with the amount&quot;)
public void i_click_on_the_cell_of_table_with_the_amount() {
    // Write code here that turns the phrase above into concrete actions
    throw new io.cucumber.java.PendingException();
}
@Then(&quot;I have the correct transfer amount&quot;)
public void i_have_the_correct_transfer_amount() {
    // Write code here that turns the phrase above into concrete actions
    throw new io.cucumber.java.PendingException();
}
" type="io.cucumber.junit.UndefinedStepException">io.cucumber.junit.UndefinedStepException: The step &apos;I am on the Recent Transaction Page&apos; and 2 other step(s) are undefined.
You can implement these steps using the snippet(s) below:

@Given(&quot;I am on the Recent Transaction Page&quot;)
public void i_am_on_the_recent_transaction_page() {
    // Write code here that turns the phrase above into concrete actions
    throw new io.cucumber.java.PendingException();
}
@When(&quot;I click on the cell of table with the amount&quot;)
public void i_click_on_the_cell_of_table_with_the_amount() {
    // Write code here that turns the phrase above into concrete actions
    throw new io.cucumber.java.PendingException();
}
@Then(&quot;I have the correct transfer amount&quot;)
public void i_have_the_correct_transfer_amount() {
    // Write code here that turns the phrase above into concrete actions
    throw new io.cucumber.java.PendingException();
}

</error>
  </testcase>
  <testcase classname="Login to Altoro Mutual" name=" #11" time="0.633"/>
  <testcase classname="Login to Altoro Mutual" name=" #12" time="0.733"/>
  <testcase classname="Login to Altoro Mutual" name=" #13" time="0.669"/>
  <testcase classname="Login to Altoro Mutual" name=" #14" time="0.494"/>
  <testcase classname="Login to Altoro Mutual" name=" #15" time="0.158"/>
  <testcase classname="Login to Altoro Mutual" name=" #16" time="0.166"/>
  <testcase classname="Login to Altoro Mutual" name=" #17" time="0.48"/>
  <testcase classname="Login to Altoro Mutual" name=" #18" time="0.927"/>
</testsuite>